CRITICAL - 2024-09-30 20:12:52 --> Invalid file: bicycle-cleaning.php
in SYSTEMPATH/Exceptions/FrameworkException.php on line 33.
 1 SYSTEMPATH/View/View.php(201): CodeIgniter\Exceptions\FrameworkException::forInvalidFile('bicycle-cleaning.php')
 2 SYSTEMPATH/Common.php(1135): CodeIgniter\View\View->render('bicycle-cleaning', [], true)
 3 APPPATH/Views/content.php(3): view('bicycle-cleaning')
 4 SYSTEMPATH/View/View.php(213): include('APPPATH/Views/content.php')
 5 SYSTEMPATH/View/View.php(216): CodeIgniter\View\View->CodeIgniter\View\{closure}()
 6 SYSTEMPATH/Common.php(1135): CodeIgniter\View\View->render('content', [], true)
 7 APPPATH/Controllers/Services.php(24): view('content', [...])
 8 SYSTEMPATH/CodeIgniter.php(925): App\Controllers\Services->index('bicycle-cleaning')
 9 SYSTEMPATH/CodeIgniter.php(480): CodeIgniter\CodeIgniter->runController(Object(App\Controllers\Services))
10 SYSTEMPATH/CodeIgniter.php(349): CodeIgniter\CodeIgniter->handleRequest(null, Object(Config\Cache), false)
11 FCPATH/index.php(67): CodeIgniter\CodeIgniter->run()
12 SYSTEMPATH/Commands/Server/rewrite.php(47): require_once('FCPATH/index.php')
CRITICAL - 2024-09-30 20:13:05 --> Invalid file: bicycle-cleaning.php
in SYSTEMPATH/Exceptions/FrameworkException.php on line 33.
 1 SYSTEMPATH/View/View.php(201): CodeIgniter\Exceptions\FrameworkException::forInvalidFile('bicycle-cleaning.php')
 2 SYSTEMPATH/Common.php(1135): CodeIgniter\View\View->render('bicycle-cleaning', [], true)
 3 APPPATH/Views/content.php(3): view('bicycle-cleaning')
 4 SYSTEMPATH/View/View.php(213): include('APPPATH/Views/content.php')
 5 SYSTEMPATH/View/View.php(216): CodeIgniter\View\View->CodeIgniter\View\{closure}()
 6 SYSTEMPATH/Common.php(1135): CodeIgniter\View\View->render('content', [], true)
 7 APPPATH/Controllers/Services.php(24): view('content', [...])
 8 SYSTEMPATH/CodeIgniter.php(925): App\Controllers\Services->index('bicycle-cleaning')
 9 SYSTEMPATH/CodeIgniter.php(480): CodeIgniter\CodeIgniter->runController(Object(App\Controllers\Services))
10 SYSTEMPATH/CodeIgniter.php(349): CodeIgniter\CodeIgniter->handleRequest(null, Object(Config\Cache), false)
11 FCPATH/index.php(67): CodeIgniter\CodeIgniter->run()
12 SYSTEMPATH/Commands/Server/rewrite.php(47): require_once('FCPATH/index.php')
CRITICAL - 2024-09-30 20:13:11 --> Invalid file: bicycle-trade-in.php
in SYSTEMPATH/Exceptions/FrameworkException.php on line 33.
 1 SYSTEMPATH/View/View.php(201): CodeIgniter\Exceptions\FrameworkException::forInvalidFile('bicycle-trade-in.php')
 2 SYSTEMPATH/Common.php(1135): CodeIgniter\View\View->render('bicycle-trade-in', [], true)
 3 APPPATH/Views/content.php(3): view('bicycle-trade-in')
 4 SYSTEMPATH/View/View.php(213): include('APPPATH/Views/content.php')
 5 SYSTEMPATH/View/View.php(216): CodeIgniter\View\View->CodeIgniter\View\{closure}()
 6 SYSTEMPATH/Common.php(1135): CodeIgniter\View\View->render('content', [], true)
 7 APPPATH/Controllers/Services.php(24): view('content', [...])
 8 SYSTEMPATH/CodeIgniter.php(925): App\Controllers\Services->index('bicycle-trade-in')
 9 SYSTEMPATH/CodeIgniter.php(480): CodeIgniter\CodeIgniter->runController(Object(App\Controllers\Services))
10 SYSTEMPATH/CodeIgniter.php(349): CodeIgniter\CodeIgniter->handleRequest(null, Object(Config\Cache), false)
11 FCPATH/index.php(67): CodeIgniter\CodeIgniter->run()
12 SYSTEMPATH/Commands/Server/rewrite.php(47): require_once('FCPATH/index.php')
